[DEBUG] Interval set to :
[DEBUG] bonjour
[DEBUG] bonjour
[DEBUG] bonjour
[DEBUG] bonjour
[DEBUG] bonjour
[DEBUG] bonjour
[DEBUG] bonjour
[DEBUG] bonjour
%(asctime)s :: %(levelname)s :: %(message)s
%(asctime)s :: %(levelname)s :: %(message)s
%(asctime)s :: %(levelname)s :: %(message)s
%(asctime)s :: %(levelname)s :: %(message)s
2018-09-22 12:46:42,474 :: DEBUG :: Interval set to :
2018-09-22 12:46:43,476 :: DEBUG :: bonjour
2018-09-22 12:46:44,477 :: DEBUG :: bonjour
2018-09-26 17:15:45,992 :: DEBUG :: Interval diabled
2018-09-26 17:15:52,153 :: DEBUG :: Interval diabled
2018-09-26 17:16:14,736 :: DEBUG :: Interval diabled
2018-09-26 17:20:57,560 :: DEBUG :: Interval diabled
2018-09-26 17:22:39,842 :: DEBUG :: Interval set to :
2018-09-26 17:22:53,123 :: DEBUG :: Interval set to :
2018-09-26 17:22:54,124 :: DEBUG :: bonjour
2018-09-26 17:22:55,125 :: DEBUG :: bonjour
2018-09-26 17:22:56,126 :: DEBUG :: bonjour
2018-09-26 17:22:57,126 :: DEBUG :: bonjour
2018-09-26 17:22:58,127 :: DEBUG :: bonjour
2018-09-26 17:22:59,128 :: DEBUG :: bonjour
2018-09-26 17:23:00,129 :: DEBUG :: bonjour
2018-09-26 17:23:01,130 :: DEBUG :: bonjour
2018-09-26 17:23:02,132 :: DEBUG :: bonjour
2018-09-26 17:23:03,133 :: DEBUG :: bonjour
2018-09-26 17:23:04,133 :: DEBUG :: bonjour
2018-10-02 19:23:35,002 :: DEBUG :: Interval set to :
2018-10-02 19:23:37,004 :: DEBUG :: test\prout
2018-10-02 19:23:37,005 :: DEBUG :: 1
2018-10-02 19:26:29,225 :: DEBUG :: Interval set to :
2018-10-02 19:26:31,226 :: DEBUG :: test\prout
2018-10-02 19:26:31,226 :: DEBUG :: 1
2018-10-02 19:26:33,227 :: DEBUG :: test\prout
2018-10-02 19:26:33,228 :: DEBUG :: 1
2018-10-02 19:26:35,230 :: DEBUG :: test\prout
2018-10-02 19:26:35,230 :: DEBUG :: 1
2018-10-02 19:26:37,231 :: DEBUG :: test\prout
2018-10-02 19:26:37,231 :: DEBUG :: 1
2018-10-02 19:26:39,232 :: DEBUG :: test\prout
2018-10-02 19:26:39,232 :: DEBUG :: 1
2018-10-02 19:26:41,235 :: DEBUG :: test\prout
2018-10-02 19:26:41,235 :: DEBUG :: 1
2018-10-02 19:26:43,235 :: DEBUG :: test\prout
2018-10-02 19:26:43,236 :: DEBUG :: 1
2018-10-02 19:26:45,238 :: DEBUG :: test\prout
2018-10-02 19:26:45,239 :: DEBUG :: 1
2018-10-02 19:26:47,242 :: DEBUG :: test\prout
2018-10-02 19:26:47,243 :: DEBUG :: 1
2018-10-02 19:27:20,366 :: DEBUG :: Interval set to :
2018-10-02 19:27:22,367 :: DEBUG :: test\prout
2018-10-02 19:27:22,368 :: DEBUG :: 1
2018-10-02 19:27:24,370 :: DEBUG :: test\prout
2018-10-02 19:27:24,371 :: DEBUG :: 1
2018-10-02 19:27:26,374 :: DEBUG :: test\prout
2018-10-02 19:27:26,374 :: DEBUG :: 1
2018-10-02 19:27:28,377 :: DEBUG :: test\prout
2018-10-02 19:27:28,378 :: DEBUG :: 1
2018-10-02 19:27:30,380 :: DEBUG :: test\prout
2018-10-02 19:27:30,381 :: DEBUG :: 1
2018-10-02 19:27:32,384 :: DEBUG :: test\prout
2018-10-02 19:27:32,385 :: DEBUG :: 1
2018-10-02 19:27:34,387 :: DEBUG :: test\prout
2018-10-02 19:27:34,387 :: DEBUG :: 1
2018-10-02 19:29:16,608 :: DEBUG :: Interval set to :
2018-10-02 19:29:18,609 :: DEBUG :: test\prout
2018-10-02 19:29:18,610 :: DEBUG :: 1
2018-10-02 19:29:20,617 :: DEBUG :: test\prout
2018-10-02 19:29:20,617 :: DEBUG :: 1
2018-10-02 19:29:22,620 :: DEBUG :: test\prout
2018-10-02 19:29:22,621 :: DEBUG :: 1
2018-10-02 19:29:24,626 :: DEBUG :: test\prout
2018-10-02 19:29:24,627 :: DEBUG :: 1
2018-10-02 19:29:26,634 :: DEBUG :: test\prout
2018-10-02 19:29:26,635 :: DEBUG :: 1
2018-10-02 19:29:28,641 :: DEBUG :: test\prout
2018-10-02 19:29:28,642 :: DEBUG :: 1
2018-10-02 19:29:30,648 :: DEBUG :: test\prout
2018-10-02 19:29:30,649 :: DEBUG :: 1
2018-10-02 19:29:32,655 :: DEBUG :: test\prout
2018-10-02 19:29:32,656 :: DEBUG :: 1
2018-10-02 19:29:34,663 :: DEBUG :: test\prout
2018-10-02 19:29:34,664 :: DEBUG :: 1
2018-10-02 19:29:36,669 :: DEBUG :: test\prout
2018-10-02 19:29:36,670 :: DEBUG :: 1
2018-10-02 19:29:38,677 :: DEBUG :: test\prout
2018-10-02 19:29:38,678 :: DEBUG :: 1
2018-10-02 19:30:40,855 :: DEBUG :: Interval set to :
2018-10-02 19:30:42,856 :: DEBUG :: test\prout
2018-10-02 19:30:42,857 :: DEBUG :: 1
2018-10-02 19:30:44,867 :: DEBUG :: test\prout
2018-10-02 19:30:44,868 :: DEBUG :: 1
2018-10-02 19:30:46,875 :: DEBUG :: test\prout
2018-10-02 19:30:46,876 :: DEBUG :: 1
2018-10-02 19:30:48,883 :: DEBUG :: test\prout
2018-10-02 19:30:48,884 :: DEBUG :: 1
2018-10-02 19:30:50,892 :: DEBUG :: test\prout
2018-10-02 19:30:50,893 :: DEBUG :: 1
2018-10-02 19:30:52,900 :: DEBUG :: test\prout
2018-10-02 19:30:52,901 :: DEBUG :: 1
2018-10-02 19:30:54,910 :: DEBUG :: test\prout
2018-10-02 19:30:54,911 :: DEBUG :: 1
2018-10-02 19:30:56,920 :: DEBUG :: test\prout
2018-10-02 19:30:56,921 :: DEBUG :: 1
2018-10-02 19:30:58,929 :: DEBUG :: test\prout
2018-10-02 19:30:58,930 :: DEBUG :: 1
2018-10-02 19:31:00,937 :: DEBUG :: test\prout
2018-10-02 19:31:00,938 :: DEBUG :: 1
2018-10-02 19:31:02,945 :: DEBUG :: test\prout
2018-10-02 19:31:02,946 :: DEBUG :: 1
2018-10-02 19:31:04,953 :: DEBUG :: test\prout
2018-10-02 19:31:04,954 :: DEBUG :: 1
2018-10-02 19:33:13,333 :: DEBUG :: Interval set to :
2018-10-02 19:33:15,335 :: DEBUG :: test\prout
2018-10-02 19:33:15,336 :: DEBUG :: 1
2018-10-02 19:33:17,342 :: DEBUG :: test\prout
2018-10-02 19:33:17,343 :: DEBUG :: 1
2018-10-02 19:33:19,352 :: DEBUG :: test\prout
2018-10-02 19:33:19,353 :: DEBUG :: 1
2018-10-02 19:33:21,363 :: DEBUG :: test\prout
2018-10-02 19:33:21,365 :: DEBUG :: 1
2018-10-02 19:33:23,373 :: DEBUG :: test\prout
2018-10-02 19:33:23,374 :: DEBUG :: 1
2018-10-02 19:33:25,382 :: DEBUG :: test\prout
2018-10-02 19:33:25,383 :: DEBUG :: 1
2018-10-02 19:33:27,391 :: DEBUG :: test\prout
2018-10-02 19:33:27,392 :: DEBUG :: 1
2018-10-02 19:33:29,399 :: DEBUG :: test\prout
2018-10-02 19:33:29,400 :: DEBUG :: 1
2018-10-02 19:33:31,410 :: DEBUG :: test\prout
2018-10-02 19:33:31,411 :: DEBUG :: 1
2018-10-02 19:33:33,419 :: DEBUG :: test\prout
2018-10-02 19:33:33,420 :: DEBUG :: 1
2018-10-02 19:33:35,427 :: DEBUG :: test\prout
2018-10-02 19:33:35,428 :: DEBUG :: 1
2018-10-02 19:33:37,438 :: DEBUG :: test\prout
2018-10-02 19:33:37,439 :: DEBUG :: 1
2018-10-02 19:33:39,448 :: DEBUG :: test\prout
2018-10-02 19:33:39,448 :: DEBUG :: 1
2018-10-02 19:33:41,452 :: DEBUG :: test\prout
2018-10-02 19:33:41,452 :: DEBUG :: 1
2018-10-02 19:33:43,455 :: DEBUG :: test\prout
2018-10-02 19:33:43,455 :: DEBUG :: 1
2018-10-02 19:33:45,458 :: DEBUG :: test\prout
2018-10-02 19:33:45,459 :: DEBUG :: 1
2018-10-02 19:33:47,469 :: DEBUG :: test\prout
2018-10-02 19:33:47,470 :: DEBUG :: 1
2018-10-02 19:33:49,478 :: DEBUG :: test\prout
2018-10-02 19:33:49,478 :: DEBUG :: 1
2018-10-02 19:33:51,484 :: DEBUG :: test\prout
2018-10-02 19:33:51,487 :: DEBUG :: 1
2018-10-02 19:33:53,493 :: DEBUG :: test\prout
2018-10-02 19:33:53,493 :: DEBUG :: 1
2018-10-02 19:33:55,496 :: DEBUG :: test\prout
2018-10-02 19:33:55,497 :: DEBUG :: 1
2018-10-02 19:33:57,506 :: DEBUG :: test\prout
2018-10-02 19:33:57,507 :: DEBUG :: 1
2018-10-02 19:33:59,628 :: DEBUG :: Interval set to :
2018-10-02 19:34:04,077 :: DEBUG :: Interval set to :
2018-10-02 19:34:06,078 :: DEBUG :: test\prout
2018-10-02 19:34:06,078 :: DEBUG :: 1
2018-10-02 19:34:36,215 :: DEBUG :: Interval set to :
2018-10-02 19:34:38,220 :: DEBUG :: test\prout
2018-10-02 19:34:38,221 :: DEBUG :: 1
2018-10-02 19:34:40,227 :: DEBUG :: test\prout
2018-10-02 19:34:40,228 :: DEBUG :: 1
2018-10-02 19:34:53,896 :: DEBUG :: Interval set to :
2018-10-02 19:34:55,896 :: DEBUG :: test\prout
2018-10-02 19:34:55,896 :: DEBUG :: 1
2018-10-02 19:34:57,899 :: DEBUG :: test\prout
2018-10-02 19:34:57,900 :: DEBUG :: 1
2018-10-02 19:34:59,908 :: DEBUG :: test\prout
2018-10-02 19:34:59,909 :: DEBUG :: 1
2018-10-02 19:35:01,918 :: DEBUG :: test\prout
2018-10-02 19:35:01,919 :: DEBUG :: 1
2018-10-02 19:35:03,927 :: DEBUG :: test\prout
2018-10-02 19:35:03,928 :: DEBUG :: 1
2018-10-02 19:35:05,935 :: DEBUG :: test\prout
2018-10-02 19:35:05,935 :: DEBUG :: 1
2018-10-02 19:35:07,942 :: DEBUG :: test\prout
2018-10-02 19:35:07,942 :: DEBUG :: 1
2018-10-02 19:35:09,945 :: DEBUG :: test\prout
2018-10-02 19:35:09,946 :: DEBUG :: 1
2018-10-02 19:35:11,955 :: DEBUG :: test\prout
2018-10-02 19:35:11,955 :: DEBUG :: 1
2018-10-02 19:35:13,958 :: DEBUG :: test\prout
2018-10-02 19:35:13,959 :: DEBUG :: 1
2018-10-02 19:35:15,964 :: DEBUG :: test\prout
2018-10-02 19:35:15,965 :: DEBUG :: 1
2018-10-02 19:35:17,972 :: DEBUG :: test\prout
2018-10-02 19:35:17,973 :: DEBUG :: 1
2018-10-02 19:35:19,981 :: DEBUG :: test\prout
2018-10-02 19:35:19,982 :: DEBUG :: 1
2018-10-02 19:35:21,987 :: DEBUG :: test\prout
2018-10-02 19:35:21,988 :: DEBUG :: 1
2018-10-02 19:35:23,997 :: DEBUG :: test\prout
2018-10-02 19:35:23,998 :: DEBUG :: 1
2018-10-02 19:35:26,012 :: DEBUG :: test\prout
2018-10-02 19:35:26,013 :: DEBUG :: 1
2018-10-02 19:35:28,022 :: DEBUG :: test\prout
2018-10-02 19:35:28,022 :: DEBUG :: 1
2018-10-02 19:35:30,025 :: DEBUG :: test\prout
2018-10-02 19:35:30,026 :: DEBUG :: 1
2018-10-02 19:35:32,031 :: DEBUG :: test\prout
2018-10-02 19:35:32,032 :: DEBUG :: 1
2018-10-02 19:35:34,040 :: DEBUG :: test\prout
2018-10-02 19:35:38,106 :: DEBUG :: 1
2018-10-02 19:35:40,123 :: DEBUG :: test\prout
2018-10-02 19:35:40,124 :: DEBUG :: 1
2018-10-02 19:35:42,133 :: DEBUG :: test\prout
2018-10-02 19:35:42,133 :: DEBUG :: 1
2018-10-02 19:35:44,140 :: DEBUG :: test\prout
2018-10-02 19:35:44,141 :: DEBUG :: 1
2018-10-02 19:35:46,149 :: DEBUG :: test\prout
2018-10-02 19:35:46,149 :: DEBUG :: 1
2018-10-02 19:35:48,153 :: DEBUG :: test\prout
2018-10-02 19:35:48,154 :: DEBUG :: 1
2018-10-02 19:35:52,063 :: DEBUG :: Interval set to :
2018-10-02 19:35:54,064 :: DEBUG :: test\prout
2018-10-02 19:35:54,065 :: DEBUG :: 1
2018-10-02 19:35:56,072 :: DEBUG :: test\prout
2018-10-02 19:35:56,072 :: DEBUG :: 1
2018-10-02 19:35:58,075 :: DEBUG :: test\prout
2018-10-02 19:35:58,076 :: DEBUG :: 1
2018-10-02 19:36:00,084 :: DEBUG :: test\prout
2018-10-02 19:36:00,084 :: DEBUG :: 1
2018-10-02 19:36:02,087 :: DEBUG :: test\prout
2018-10-02 19:36:02,088 :: DEBUG :: 1
